<?xml version="1.0" encoding="UTF-8"?>
<!-- Generated by org.testng.reporters.JUnitXMLReporter -->
<testsuite ignored="0" hostname="BE1WXL-110329" failures="0" tests="3" name="Default test" time="7.252" errors="0" timestamp="2020-11-08T12:09:15 CET">
  <testcase classname="TestCases.LoginPageTest" name="loginPageTitleTest" time="0.45"/>
  <testcase classname="TestCases.LoginPageTest" name="clickOnLoginbtn" time="0.324"/>
  <testcase classname="TestCases.LoginPageTest" name="loginTest" time="3.233"/>
</testsuite> <!-- Default test -->
