<?xml version="1.0" encoding="UTF-8"?>
<!-- Generated by org.testng.reporters.JUnitXMLReporter -->
<testsuite ignored="0" hostname="BE1WXL-110329" failures="1" tests="7" name="Free CRM App Test Cases" time="12.645" errors="0" timestamp="2020-11-11T17:50:27 CET">
  <testcase classname="TestCases.LoginPageTest" name="loginPageTitleTest" time="0.014"/>
  <testcase classname="TestCases.LoginPageTest" name="clickOnLoginbtn" time="2.624"/>
  <testcase classname="TestCases.LoginPageTest" name="loginTest" time="0.183"/>
  <testcase classname="TestCases.HomePageTest" name="verifyHomePageTitleTest" time="0.005">
    <failure type="java.lang.AssertionError" message="Home page Url not matched expected [https://ui.freecrm.com/home] but found [https://ui.freecrm.com/]">
      <![CDATA[java.lang.AssertionError: Home page Url not matched expected [https://ui.freecrm.com/home] but found [https://ui.freecrm.com/]
at TestCases.HomePageTest.verifyHomePageTitleTest(HomePageTest.java:34)
at java.base/java.util.ArrayList.forEach(ArrayList.java:1511)
... Removed 32 stack frames]]>
    </failure>
  </testcase> <!-- verifyHomePageTitleTest -->
  <testcase classname="TestCases.HomePageTest" name="verifyContactsLinkTest" time="1.796"/>
  <testcase classname="TestCases.ContactsTest" name="clickOnAddNewContacts" time="1.045"/>
  <testcase classname="TestCases.NewContactTest" name="validateCreateNewContact" time="3.097"/>
</testsuite> <!-- Free CRM App Test Cases -->
